1525953282 36045 44842
1525953282 3 4 3 4
1525952982 3 3 3 3
1525952700 3 3 3 3
1525952400 3 3 3 3
1525952100 3 3 3 4
1525951800 3 3 3 4
1525951500 3 3 3 3
1525951200 3 3 3 3
1525950900 3 3 3 4
1525950600 3 3 3 4
1525950300 3 3 3 3
1525950000 81 103 87 110
1525949700 5 6 87 110
1525949400 0 0 0 0
1525949100 0 0 0 0
1525948800 0 0 0 0
1525948500 0 0 0 0
1525948200 0 0 0 0
1525947900 0 0 0 0
1525947600 0 0 0 0
1525947300 0 0 0 0
1525947000 0 0 0 0
1525946700 0 0 0 0
1525946400 0 0 0 0
1525946100 0 0 0 0
1525945800 0 0 0 0
1525945500 0 0 0 0
1525945200 0 0 0 0
1525944900 0 0 0 0
1525944600 0 0 0 0
1525944300 0 0 0 0
1525944000 0 0 0 0
1525943700 0 0 0 0
1525943400 0 0 0 0
1525943100 0 0 0 0
1525942800 0 0 0 0
1525942500 0 0 0 0
1525942200 0 0 0 0
1525941900 0 0 0 0
1525941600 0 0 0 0
1525941300 0 0 0 0
1525941000 0 0 0 0
1525940700 0 0 0 0
1525940400 0 0 0 0
1525940100 0 0 0 0
1525939800 0 0 0 0
1525939500 0 0 0 0
1525939200 0 0 0 0
1525938900 0 0 0 0
1525938600 0 0 0 0
1525938300 0 0 0 0
1525938000 0 0 0 0
1525937700 0 0 0 0
1525937400 0 0 0 0
1525937100 0 0 0 0
1525936800 0 0 0 0
1525936500 0 0 0 0
1525936200 0 0 0 0
1525935900 0 0 0 0
1525935600 0 0 0 0
1525935300 0 0 0 0
1525935000 0 0 0 0
1525934700 0 0 0 0
1525934400 0 0 0 0
1525934100 0 0 0 0
1525933800 0 0 0 0
1525933500 0 0 0 0
1525933200 0 0 0 0
1525932900 0 0 0 0
1525932600 0 0 0 0
1525932300 0 0 0 0
1525932000 0 0 0 0
1525931700 0 0 0 0
1525931400 0 0 0 0
1525931100 0 0 0 0
1525930800 0 0 0 0
1525930500 0 0 0 0
1525930200 0 0 0 0
1525929900 0 0 0 0
1525929600 0 0 0 0
1525929300 0 0 0 0
1525929000 0 0 0 0
1525928700 0 0 0 0
1525928400 0 0 0 0
1525928100 0 0 0 0
1525927800 0 0 0 0
1525927500 0 0 0 0
1525927200 0 0 0 0
1525926900 0 0 0 0
1525926600 0 0 0 0
1525926300 0 0 0 0
1525926000 0 0 0 0
1525925700 0 0 0 0
1525925400 0 0 0 0
1525925100 0 0 0 0
1525924800 0 0 0 0
1525924500 0 0 0 0
1525924200 0 0 0 0
1525923900 0 0 0 0
1525923600 0 0 0 0
1525923300 0 0 0 0
1525923000 0 0 0 0
1525922700 0 0 0 0
1525922400 0 0 0 0
1525922100 0 0 0 0
1525921800 0 0 0 0
1525921500 0 0 0 0
1525921200 0 0 0 0
1525920900 0 0 0 0
1525920600 0 0 0 0
1525920300 0 0 0 0
1525920000 0 0 0 0
1525919700 0 0 0 0
1525919400 0 0 0 0
1525919100 0 0 0 0
1525918800 0 0 0 0
1525918500 0 0 0 0
1525918200 0 0 0 0
1525917900 0 0 0 0
1525917600 0 0 0 0
1525917300 0 0 0 0
1525917000 0 0 0 0
1525916700 0 0 0 0
1525916400 0 0 0 0
1525916100 0 0 0 0
1525915800 0 0 0 0
1525915500 0 0 0 0
1525915200 0 0 0 0
1525914900 0 0 0 0
1525914600 0 0 0 0
1525914300 0 0 0 0
1525914000 0 0 0 0
1525913700 0 0 0 0
1525913400 0 0 0 0
1525913100 0 0 0 0
1525912800 0 0 0 0
1525912500 0 0 0 0
1525912200 0 0 0 0
1525911900 0 0 0 0
1525911600 0 0 0 0
1525911300 0 0 0 0
1525911000 0 0 0 0
1525910700 0 0 0 0
1525910400 0 0 0 0
1525910100 0 0 0 0
1525909800 0 0 0 0
1525909500 0 0 0 0
1525909200 0 0 0 0
1525908900 0 0 0 0
1525908600 0 0 0 0
1525908300 0 0 0 0
1525908000 0 0 0 0
1525907700 0 0 0 0
1525907400 0 0 0 0
1525907100 0 0 0 0
1525906800 0 0 0 0
1525906500 0 0 0 0
1525906200 0 0 0 0
1525905900 0 0 0 0
1525905600 0 0 0 0
1525905300 0 0 0 0
1525905000 0 0 0 0
1525904700 0 0 0 0
1525904400 0 0 0 0
1525904100 0 0 0 0
1525903800 0 0 0 0
1525903500 0 0 0 0
1525903200 0 0 0 0
1525902900 0 0 0 0
1525902600 0 0 0 0
1525902300 0 0 0 0
1525902000 0 0 0 0
1525901700 0 0 0 0
1525901400 0 0 0 0
1525901100 0 0 0 0
1525900800 0 0 0 0
1525900500 0 0 0 0
1525900200 0 0 0 0
1525899900 0 0 0 0
1525899600 0 0 0 0
1525899300 0 0 0 0
1525899000 0 0 0 0
1525898700 0 0 0 0
1525898400 0 0 0 0
1525898100 0 0 0 0
1525897800 0 0 0 0
1525897500 0 0 0 0
1525897200 0 0 0 0
1525896900 0 0 0 0
1525896600 0 0 0 0
1525896300 0 0 0 0
1525896000 0 0 0 0
1525895700 0 0 0 0
1525895400 0 0 0 0
1525895100 0 0 0 0
1525894800 0 0 0 0
1525894500 0 0 0 0
1525894200 0 0 0 0
1525893900 0 0 0 0
1525893600 0 0 0 0
1525893300 0 0 0 0
1525893000 0 0 0 0
1525892700 0 0 0 0
1525892400 0 0 0 0
1525892100 0 0 0 0
1525891800 0 0 0 0
1525891500 0 0 0 0
1525891200 0 0 0 0
1525890900 0 0 0 0
1525890600 0 0 0 0
1525890300 0 0 0 0
1525890000 0 0 0 0
1525889700 0 0 0 0
1525889400 0 0 0 0
1525889100 0 0 0 0
1525888800 0 0 0 0
1525888500 0 0 0 0
1525888200 0 0 0 0
1525887900 0 0 0 0
1525887600 0 0 0 0
1525887300 0 0 0 0
1525887000 0 0 0 0
1525886700 0 0 0 0
1525886400 0 0 0 0
1525886100 0 0 0 0
1525885800 0 0 0 0
1525885500 0 0 0 0
1525885200 0 0 0 0
1525884900 0 0 0 0
1525884600 0 0 0 0
1525884300 0 0 0 0
1525884000 0 0 0 0
1525883700 0 0 0 0
1525883400 0 0 0 0
1525883100 0 0 0 0
1525882800 0 0 0 0
1525882500 0 0 0 0
1525882200 0 0 0 0
1525881900 0 0 0 0
1525881600 0 0 0 0
1525881300 0 0 0 0
1525881000 0 0 0 0
1525880700 0 0 0 0
1525880400 0 0 0 0
1525880100 0 0 0 0
1525879800 0 0 0 0
1525879500 0 0 0 0
1525879200 0 0 0 0
1525878900 0 0 0 0
1525878600 0 0 0 0
1525878300 0 0 0 0
1525878000 0 0 0 0
1525877700 0 0 0 0
1525877400 0 0 0 0
1525877100 0 0 0 0
1525876800 0 0 0 0
1525876500 0 0 0 0
1525876200 0 0 0 0
1525875900 0 0 0 0
1525875600 0 0 0 0
1525875300 0 0 0 0
1525875000 0 0 0 0
1525874700 0 0 0 0
1525874400 0 0 0 0
1525874100 0 0 0 0
1525873800 0 0 0 0
1525873500 0 0 0 0
1525873200 0 0 0 0
1525872900 0 0 0 0
1525872600 0 0 0 0
1525872300 0 0 0 0
1525872000 0 0 0 0
1525871700 0 0 0 0
1525871400 0 0 0 0
1525871100 0 0 0 0
1525870800 0 0 0 0
1525870500 0 0 0 0
1525870200 0 0 0 0
1525869900 0 0 0 0
1525869600 0 0 0 0
1525869300 0 0 0 0
1525869000 0 0 0 0
1525868700 0 0 0 0
1525868400 0 0 0 0
1525868100 0 0 0 0
1525867800 0 0 0 0
1525867500 0 0 0 0
1525867200 0 0 0 0
1525866900 0 0 0 0
1525866600 0 0 0 0
1525866300 0 0 0 0
1525866000 0 0 0 0
1525865700 0 0 0 0
1525865400 0 0 0 0
1525865100 0 0 0 0
1525864800 0 0 0 0
1525864500 0 0 0 0
1525864200 0 0 0 0
1525863900 0 0 0 0
1525863600 0 0 0 0
1525863300 0 0 0 0
1525863000 0 0 0 0
1525862700 0 0 0 0
1525862400 0 0 0 0
1525862100 0 0 0 0
1525861800 0 0 0 0
1525861500 0 0 0 0
1525861200 0 0 0 0
1525860900 0 0 0 0
1525860600 0 0 0 0
1525860300 0 0 0 0
1525860000 0 0 0 0
1525859700 0 0 0 0
1525859400 0 0 0 0
1525859100 0 0 0 0
1525858800 0 0 0 0
1525858500 0 0 0 0
1525858200 0 0 0 0
1525857900 0 0 0 0
1525857600 0 0 0 0
1525857300 0 0 0 0
1525857000 0 0 0 0
1525856700 0 0 0 0
1525856400 0 0 0 0
1525856100 0 0 0 0
1525855800 0 0 0 0
1525855500 0 0 0 0
1525855200 0 0 0 0
1525854900 0 0 0 0
1525854600 0 0 0 0
1525854300 0 0 0 0
1525854000 0 0 0 0
1525853700 0 0 0 0
1525853400 0 0 0 0
1525853100 0 0 0 0
1525852800 0 0 0 0
1525852500 0 0 0 0
1525852200 0 0 0 0
1525851900 0 0 0 0
1525851600 0 0 0 0
1525851300 0 0 0 0
1525851000 0 0 0 0
1525850700 0 0 0 0
1525850400 0 0 0 0
1525850100 0 0 0 0
1525849800 0 0 0 0
1525849500 0 0 0 0
1525849200 0 0 0 0
1525848900 0 0 0 0
1525848600 0 0 0 0
1525848300 0 0 0 0
1525848000 0 0 0 0
1525847700 0 0 0 0
1525847400 0 0 0 0
1525847100 0 0 0 0
1525846800 0 0 0 0
1525846500 0 0 0 0
1525846200 0 0 0 0
1525845900 0 0 0 0
1525845600 0 0 0 0
1525845300 0 0 0 0
1525845000 0 0 0 0
1525844700 0 0 0 0
1525844400 0 0 0 0
1525844100 0 0 0 0
1525843800 0 0 0 0
1525843500 0 0 0 0
1525843200 0 0 0 0
1525842900 0 0 0 0
1525842600 0 0 0 0
1525842300 0 0 0 0
1525842000 0 0 0 0
1525841700 0 0 0 0
1525841400 0 0 0 0
1525841100 0 0 0 0
1525840800 0 0 0 0
1525840500 0 0 0 0
1525840200 0 0 0 0
1525839900 0 0 0 0
1525839600 0 0 0 0
1525839300 0 0 0 0
1525839000 0 0 0 0
1525838700 0 0 0 0
1525838400 0 0 0 0
1525838100 0 0 0 0
1525837800 0 0 0 0
1525837500 0 0 0 0
1525837200 0 0 0 0
1525836900 0 0 0 0
1525836600 0 0 0 0
1525836300 0 0 0 0
1525836000 0 0 0 0
1525835700 0 0 0 0
1525835400 0 0 0 0
1525835100 0 0 0 0
1525834800 0 0 0 0
1525834500 0 0 0 0
1525834200 0 0 0 0
1525833900 0 0 0 0
1525833600 0 0 0 0
1525833300 0 0 0 0
1525833000 0 0 0 0
1525832700 0 0 0 0
1525832400 0 0 0 0
1525832100 0 0 0 0
1525831800 0 0 0 0
1525831500 0 0 0 0
1525831200 0 0 0 0
1525830900 0 0 0 0
1525830600 0 0 0 0
1525830300 0 0 0 0
1525830000 0 0 0 0
1525829700 0 0 0 0
1525829400 0 0 0 0
1525829100 0 0 0 0
1525828800 0 0 0 0
1525828500 0 0 0 0
1525828200 0 0 0 0
1525827900 0 0 0 0
1525827600 0 0 0 0
1525827300 0 0 0 0
1525827000 0 0 0 0
1525826700 0 0 0 0
1525826400 0 0 0 0
1525826100 0 0 0 0
1525825800 0 0 0 0
1525825500 0 0 0 0
1525825200 0 0 0 0
1525824900 0 0 0 0
1525824600 0 0 0 0
1525824300 0 0 0 0
1525824000 0 0 0 0
1525823700 0 0 0 0
1525823400 0 0 0 0
1525823100 0 0 0 0
1525822800 0 0 0 0
1525822500 0 0 0 0
1525822200 0 0 0 0
1525821900 0 0 0 0
1525821600 0 0 0 0
1525821300 0 0 0 0
1525821000 0 0 0 0
1525820700 0 0 0 0
1525820400 0 0 0 0
1525820100 0 0 0 0
1525819800 0 0 0 0
1525819500 0 0 0 0
1525819200 0 0 0 0
1525818900 0 0 0 0
1525818600 0 0 0 0
1525818300 0 0 0 0
1525818000 0 0 0 0
1525817700 0 0 0 0
1525817400 0 0 0 0
1525817100 0 0 0 0
1525816800 0 0 0 0
1525816500 0 0 0 0
1525816200 0 0 0 0
1525815900 0 0 0 0
1525815600 0 0 0 0
1525815300 0 0 0 0
1525815000 0 0 0 0
1525814700 0 0 0 0
1525814400 0 0 0 0
1525814100 0 0 0 0
1525813800 0 0 0 0
1525813500 0 0 0 0
1525813200 0 0 0 0
1525812900 0 0 0 0
1525812600 0 0 0 0
1525812300 0 0 0 0
1525812000 0 0 0 0
1525811700 0 0 0 0
1525811400 0 0 0 0
1525811100 0 0 0 0
1525810800 0 0 0 0
1525810500 0 0 0 0
1525810200 0 0 0 0
1525809900 0 0 0 0
1525809600 0 0 0 0
1525809300 0 0 0 0
1525809000 0 0 0 0
1525808700 0 0 0 0
1525808400 0 0 0 0
1525808100 0 0 0 0
1525807800 0 0 0 0
1525807500 0 0 0 0
1525807200 0 0 0 0
1525806900 0 0 0 0
1525806600 0 0 0 0
1525806300 0 0 0 0
1525806000 0 0 0 0
1525805700 0 0 0 0
1525805400 0 0 0 0
1525805100 0 0 0 0
1525804800 0 0 0 0
1525804500 0 0 0 0
1525804200 0 0 0 0
1525803900 0 0 0 0
1525803600 0 0 0 0
1525803300 0 0 0 0
1525803000 0 0 0 0
1525802700 0 0 0 0
1525802400 0 0 0 0
1525802100 0 0 0 0
1525801800 0 0 0 0
1525801500 0 0 0 0
1525801200 0 0 0 0
1525800900 0 0 0 0
1525800600 0 0 0 0
1525800300 0 0 0 0
1525800000 0 0 0 0
1525799700 0 0 0 0
1525799400 0 0 0 0
1525799100 0 0 0 0
1525798800 0 0 0 0
1525798500 0 0 0 0
1525798200 0 0 0 0
1525797900 0 0 0 0
1525797600 0 0 0 0
1525797300 0 0 0 0
1525797000 0 0 0 0
1525796700 0 0 0 0
1525796400 0 0 0 0
1525796100 0 0 0 0
1525795800 0 0 0 0
1525795500 0 0 0 0
1525795200 0 0 0 0
1525794900 0 0 0 0
1525794600 0 0 0 0
1525794300 0 0 0 0
1525794000 0 0 0 0
1525793700 0 0 0 0
1525793400 0 0 0 0
1525793100 0 0 0 0
1525792800 0 0 0 0
1525792500 0 0 0 0
1525792200 0 0 0 0
1525791900 0 0 0 0
1525791600 0 0 0 0
1525791300 0 0 0 0
1525791000 0 0 0 0
1525790700 0 0 0 0
1525790400 0 0 0 0
1525790100 0 0 0 0
1525789800 0 0 0 0
1525789500 0 0 0 0
1525789200 0 0 0 0
1525788900 0 0 0 0
1525788600 0 0 0 0
1525788300 0 0 0 0
1525788000 0 0 0 0
1525787700 0 0 0 0
1525787400 0 0 0 0
1525787100 0 0 0 0
1525786800 0 0 0 0
1525786500 0 0 0 0
1525786200 0 0 0 0
1525785900 0 0 0 0
1525785600 0 0 0 0
1525785300 0 0 0 0
1525785000 0 0 0 0
1525784700 0 0 0 0
1525784400 0 0 0 0
1525784100 0 0 0 0
1525783800 0 0 0 0
1525783500 0 0 0 0
1525783200 0 0 0 0
1525782900 0 0 0 0
1525782600 0 0 0 0
1525782300 0 0 0 0
1525782000 0 0 0 0
1525781700 0 0 0 0
1525781400 0 0 0 0
1525781100 0 0 0 0
1525780800 0 0 0 0
1525780500 0 0 0 0
1525780200 0 0 0 0
1525779900 0 0 0 0
1525779600 0 0 0 0
1525779300 0 0 0 0
1525779000 0 0 0 0
1525778700 0 0 0 0
1525778400 0 0 0 0
1525778100 0 0 0 0
1525777800 0 0 0 0
1525777500 0 0 0 0
1525777200 0 0 0 0
1525776900 0 0 0 0
1525776600 0 0 0 0
1525776300 0 0 0 0
1525776000 0 0 0 0
1525775700 0 0 0 0
1525775400 0 0 0 0
1525775100 0 0 0 0
1525774800 0 0 0 0
1525774500 0 0 0 0
1525774200 0 0 0 0
1525773900 0 0 0 0
1525773600 0 0 0 0
1525773300 0 0 0 0
1525773000 0 0 0 0
1525771800 0 0 0 0
1525770000 0 0 0 0
1525768200 0 0 0 0
1525766400 0 0 0 0
1525764600 0 0 0 0
1525762800 0 0 0 0
1525761000 0 0 0 0
1525759200 0 0 0 0
1525757400 0 0 0 0
1525755600 0 0 0 0
1525753800 0 0 0 0
1525752000 0 0 0 0
1525750200 0 0 0 0
1525748400 0 0 0 0
1525746600 0 0 0 0
1525744800 0 0 0 0
1525743000 0 0 0 0
1525741200 0 0 0 0
1525739400 0 0 0 0
1525737600 0 0 0 0
1525735800 0 0 0 0
1525734000 0 0 0 0
1525732200 0 0 0 0
1525730400 0 0 0 0
1525728600 0 0 0 0
1525726800 0 0 0 0
1525725000 0 0 0 0
1525723200 0 0 0 0
1525721400 0 0 0 0
1525719600 0 0 0 0
1525717800 0 0 0 0
1525716000 0 0 0 0
1525714200 0 0 0 0
1525712400 0 0 0 0
1525710600 0 0 0 0
1525708800 0 0 0 0
1525707000 0 0 0 0
1525705200 0 0 0 0
1525703400 0 0 0 0
1525701600 0 0 0 0
1525699800 0 0 0 0
1525698000 0 0 0 0
1525696200 0 0 0 0
1525694400 0 0 0 0
1525692600 0 0 0 0
1525690800 0 0 0 0
1525689000 0 0 0 0
1525687200 0 0 0 0
1525685400 0 0 0 0
1525683600 0 0 0 0
1525681800 0 0 0 0
1525680000 0 0 0 0
1525678200 0 0 0 0
1525676400 0 0 0 0
1525674600 0 0 0 0
1525672800 0 0 0 0
1525671000 0 0 0 0
1525669200 0 0 0 0
1525667400 0 0 0 0
1525665600 0 0 0 0
1525663800 0 0 0 0
1525662000 0 0 0 0
1525660200 0 0 0 0
1525658400 0 0 0 0
1525656600 0 0 0 0
1525654800 0 0 0 0
1525653000 0 0 0 0
1525651200 0 0 0 0
1525649400 0 0 0 0
1525647600 0 0 0 0
1525645800 0 0 0 0
1525644000 0 0 0 0
1525642200 0 0 0 0
1525640400 0 0 0 0
1525638600 0 0 0 0
1525636800 0 0 0 0
1525635000 0 0 0 0
1525633200 0 0 0 0
1525631400 0 0 0 0
1525629600 0 0 0 0
1525627800 0 0 0 0
1525626000 0 0 0 0
1525624200 0 0 0 0
1525622400 0 0 0 0
1525620600 0 0 0 0
1525618800 0 0 0 0
1525617000 0 0 0 0
1525615200 0 0 0 0
1525613400 0 0 0 0
1525611600 0 0 0 0
1525609800 0 0 0 0
1525608000 0 0 0 0
1525606200 0 0 0 0
1525604400 0 0 0 0
1525602600 0 0 0 0
1525600800 0 0 0 0
1525599000 0 0 0 0
1525597200 0 0 0 0
1525595400 0 0 0 0
1525593600 0 0 0 0
1525591800 0 0 0 0
1525590000 0 0 0 0
1525588200 0 0 0 0
1525586400 0 0 0 0
1525584600 0 0 0 0
1525582800 0 0 0 0
1525581000 0 0 0 0
1525579200 0 0 0 0
1525577400 0 0 0 0
1525575600 0 0 0 0
1525573800 0 0 0 0
1525572000 0 0 0 0
1525570200 0 0 0 0
1525568400 0 0 0 0
1525566600 0 0 0 0
1525564800 0 0 0 0
1525563000 0 0 0 0
1525561200 0 0 0 0
1525559400 0 0 0 0
1525557600 0 0 0 0
1525555800 0 0 0 0
1525554000 0 0 0 0
1525552200 0 0 0 0
1525550400 0 0 0 0
1525548600 0 0 0 0
1525546800 0 0 0 0
1525545000 0 0 0 0
1525543200 0 0 0 0
1525541400 0 0 0 0
1525539600 0 0 0 0
1525537800 0 0 0 0
1525536000 0 0 0 0
1525534200 0 0 0 0
1525532400 0 0 0 0
1525530600 0 0 0 0
1525528800 0 0 0 0
1525527000 0 0 0 0
1525525200 0 0 0 0
1525523400 0 0 0 0
1525521600 0 0 0 0
1525519800 0 0 0 0
1525518000 0 0 0 0
1525516200 0 0 0 0
1525514400 0 0 0 0
1525512600 0 0 0 0
1525510800 0 0 0 0
1525509000 0 0 0 0
1525507200 0 0 0 0
1525505400 0 0 0 0
1525503600 0 0 0 0
1525501800 0 0 0 0
1525500000 0 0 0 0
1525498200 0 0 0 0
1525496400 0 0 0 0
1525494600 0 0 0 0
1525492800 0 0 0 0
1525491000 0 0 0 0
1525489200 0 0 0 0
1525487400 0 0 0 0
1525485600 0 0 0 0
1525483800 0 0 0 0
1525482000 0 0 0 0
1525480200 0 0 0 0
1525478400 0 0 0 0
1525476600 0 0 0 0
1525474800 0 0 0 0
1525473000 0 0 0 0
1525471200 0 0 0 0
1525469400 0 0 0 0
1525467600 0 0 0 0
1525465800 0 0 0 0
1525464000 0 0 0 0
1525462200 0 0 0 0
1525460400 0 0 0 0
1525458600 0 0 0 0
1525456800 0 0 0 0
1525455000 0 0 0 0
1525453200 0 0 0 0
1525451400 0 0 0 0
1525449600 0 0 0 0
1525447800 0 0 0 0
1525446000 0 0 0 0
1525444200 0 0 0 0
1525442400 0 0 0 0
1525440600 0 0 0 0
1525438800 0 0 0 0
1525437000 0 0 0 0
1525435200 0 0 0 0
1525433400 0 0 0 0
1525431600 0 0 0 0
1525429800 0 0 0 0
1525428000 0 0 0 0
1525426200 0 0 0 0
1525424400 0 0 0 0
1525422600 0 0 0 0
1525420800 0 0 0 0
1525419000 0 0 0 0
1525417200 0 0 0 0
1525415400 0 0 0 0
1525413600 0 0 0 0
1525411800 0 0 0 0
1525410000 0 0 0 0
1525408200 0 0 0 0
1525406400 0 0 0 0
1525404600 0 0 0 0
1525402800 0 0 0 0
1525401000 0 0 0 0
1525399200 0 0 0 0
1525397400 0 0 0 0
1525395600 0 0 0 0
1525393800 0 0 0 0
1525392000 0 0 0 0
1525390200 0 0 0 0
1525388400 0 0 0 0
1525386600 0 0 0 0
1525384800 0 0 0 0
1525383000 0 0 0 0
1525381200 0 0 0 0
1525379400 0 0 0 0
1525377600 0 0 0 0
1525375800 0 0 0 0
1525374000 0 0 0 0
1525372200 0 0 0 0
1525370400 0 0 0 0
1525368600 0 0 0 0
1525366800 0 0 0 0
1525365000 0 0 0 0
1525363200 0 0 0 0
1525361400 0 0 0 0
1525359600 0 0 0 0
1525357800 0 0 0 0
1525356000 0 0 0 0
1525354200 0 0 0 0
1525352400 0 0 0 0
1525350600 0 0 0 0
1525348800 0 0 0 0
1525347000 0 0 0 0
1525345200 0 0 0 0
1525343400 0 0 0 0
1525341600 0 0 0 0
1525339800 0 0 0 0
1525338000 0 0 0 0
1525336200 0 0 0 0
1525334400 0 0 0 0
1525332600 0 0 0 0
1525330800 0 0 0 0
1525329000 0 0 0 0
1525327200 0 0 0 0
1525325400 0 0 0 0
1525323600 0 0 0 0
1525321800 0 0 0 0
1525320000 0 0 0 0
1525318200 0 0 0 0
1525316400 0 0 0 0
1525314600 0 0 0 0
1525312800 0 0 0 0
1525311000 0 0 0 0
1525309200 0 0 0 0
1525307400 0 0 0 0
1525305600 0 0 0 0
1525303800 0 0 0 0
1525302000 0 0 0 0
1525300200 0 0 0 0
1525298400 0 0 0 0
1525296600 0 0 0 0
1525294800 0 0 0 0
1525293000 0 0 0 0
1525291200 0 0 0 0
1525289400 0 0 0 0
1525287600 0 0 0 0
1525285800 0 0 0 0
1525284000 0 0 0 0
1525282200 0 0 0 0
1525280400 0 0 0 0
1525278600 0 0 0 0
1525276800 0 0 0 0
1525275000 0 0 0 0
1525273200 0 0 0 0
1525271400 0 0 0 0
1525269600 0 0 0 0
1525267800 0 0 0 0
1525266000 0 0 0 0
1525264200 0 0 0 0
1525262400 0 0 0 0
1525260600 0 0 0 0
1525258800 0 0 0 0
1525257000 0 0 0 0
1525255200 0 0 0 0
1525253400 0 0 0 0
1525251600 0 0 0 0
1525249800 0 0 0 0
1525248000 0 0 0 0
1525246200 0 0 0 0
1525244400 0 0 0 0
1525242600 0 0 0 0
1525240800 0 0 0 0
1525239000 0 0 0 0
1525237200 0 0 0 0
1525235400 0 0 0 0
1525233600 0 0 0 0
1525231800 0 0 0 0
1525230000 0 0 0 0
1525228200 0 0 0 0
1525226400 0 0 0 0
1525224600 0 0 0 0
1525222800 0 0 0 0
1525221000 0 0 0 0
1525219200 0 0 0 0
1525217400 0 0 0 0
1525215600 0 0 0 0
1525213800 0 0 0 0
1525212000 0 0 0 0
1525210200 0 0 0 0
1525208400 0 0 0 0
1525206600 0 0 0 0
1525204800 0 0 0 0
1525203000 0 0 0 0
1525201200 0 0 0 0
1525199400 0 0 0 0
1525197600 0 0 0 0
1525195800 0 0 0 0
1525194000 0 0 0 0
1525192200 0 0 0 0
1525190400 0 0 0 0
1525188600 0 0 0 0
1525186800 0 0 0 0
1525185000 0 0 0 0
1525183200 0 0 0 0
1525181400 0 0 0 0
1525179600 0 0 0 0
1525177800 0 0 0 0
1525176000 0 0 0 0
1525174200 0 0 0 0
1525172400 0 0 0 0
1525170600 0 0 0 0
1525168800 0 0 0 0
1525167000 0 0 0 0
1525165200 0 0 0 0
1525163400 0 0 0 0
1525161600 0 0 0 0
1525159800 0 0 0 0
1525158000 0 0 0 0
1525156200 0 0 0 0
1525154400 0 0 0 0
1525152600 0 0 0 0
1525150800 0 0 0 0
1525149000 0 0 0 0
1525147200 0 0 0 0
1525145400 0 0 0 0
1525143600 0 0 0 0
1525141800 0 0 0 0
1525140000 0 0 0 0
1525138200 0 0 0 0
1525136400 0 0 0 0
1525134600 0 0 0 0
1525132800 0 0 0 0
1525131000 0 0 0 0
1525129200 0 0 0 0
1525127400 0 0 0 0
1525125600 0 0 0 0
1525123800 0 0 0 0
1525122000 0 0 0 0
1525120200 0 0 0 0
1525118400 0 0 0 0
1525116600 0 0 0 0
1525114800 0 0 0 0
1525113000 0 0 0 0
1525111200 0 0 0 0
1525109400 0 0 0 0
1525107600 0 0 0 0
1525105800 0 0 0 0
1525104000 0 0 0 0
1525102200 0 0 0 0
1525100400 0 0 0 0
1525098600 0 0 0 0
1525096800 0 0 0 0
1525095000 0 0 0 0
1525093200 0 0 0 0
1525091400 0 0 0 0
1525089600 0 0 0 0
1525087800 0 0 0 0
1525086000 0 0 0 0
1525084200 0 0 0 0
1525082400 0 0 0 0
1525080600 0 0 0 0
1525078800 0 0 0 0
1525077000 0 0 0 0
1525075200 0 0 0 0
1525073400 0 0 0 0
1525071600 0 0 0 0
1525069800 0 0 0 0
1525068000 0 0 0 0
1525066200 0 0 0 0
1525064400 0 0 0 0
1525062600 0 0 0 0
1525060800 0 0 0 0
1525059000 0 0 0 0
1525057200 0 0 0 0
1525055400 0 0 0 0
1525053600 0 0 0 0
1525051800 0 0 0 0
1525050000 0 0 0 0
1525048200 0 0 0 0
1525046400 0 0 0 0
1525044600 0 0 0 0
1525042800 0 0 0 0
1525041000 0 0 0 0
1525039200 0 0 0 0
1525037400 0 0 0 0
1525035600 0 0 0 0
1525033800 0 0 0 0
1525032000 0 0 0 0
1525030200 0 0 0 0
1525028400 0 0 0 0
1525026600 0 0 0 0
1525024800 0 0 0 0
1525023000 0 0 0 0
1525021200 0 0 0 0
1525019400 0 0 0 0
1525017600 0 0 0 0
1525015800 0 0 0 0
1525014000 0 0 0 0
1525012200 0 0 0 0
1525010400 0 0 0 0
1525008600 0 0 0 0
1525006800 0 0 0 0
1525005000 0 0 0 0
1525003200 0 0 0 0
1525001400 0 0 0 0
1524999600 0 0 0 0
1524997800 0 0 0 0
1524996000 0 0 0 0
1524994200 0 0 0 0
1524992400 0 0 0 0
1524990600 0 0 0 0
1524988800 0 0 0 0
1524987000 0 0 0 0
1524985200 0 0 0 0
1524983400 0 0 0 0
1524981600 0 0 0 0
1524979800 0 0 0 0
1524978000 0 0 0 0
1524976200 0 0 0 0
1524974400 0 0 0 0
1524972600 0 0 0 0
1524970800 0 0 0 0
1524969000 0 0 0 0
1524967200 0 0 0 0
1524965400 0 0 0 0
1524963600 0 0 0 0
1524961800 0 0 0 0
1524960000 0 0 0 0
1524958200 0 0 0 0
1524956400 0 0 0 0
1524954600 0 0 0 0
1524952800 0 0 0 0
1524951000 0 0 0 0
1524949200 0 0 0 0
1524947400 0 0 0 0
1524945600 0 0 0 0
1524943800 0 0 0 0
1524942000 0 0 0 0
1524940200 0 0 0 0
1524938400 0 0 0 0
1524936600 0 0 0 0
1524934800 0 0 0 0
1524933000 0 0 0 0
1524931200 0 0 0 0
1524929400 0 0 0 0
1524927600 0 0 0 0
1524925800 0 0 0 0
1524924000 0 0 0 0
1524922200 0 0 0 0
1524920400 0 0 0 0
1524918600 0 0 0 0
1524916800 0 0 0 0
1524915000 0 0 0 0
1524913200 0 0 0 0
1524911400 0 0 0 0
1524909600 0 0 0 0
1524907800 0 0 0 0
1524906000 0 0 0 0
1524904200 0 0 0 0
1524902400 0 0 0 0
1524900600 0 0 0 0
1524898800 0 0 0 0
1524897000 0 0 0 0
1524895200 0 0 0 0
1524893400 0 0 0 0
1524891600 0 0 0 0
1524889800 0 0 0 0
1524888000 0 0 0 0
1524886200 0 0 0 0
1524884400 0 0 0 0
1524882600 0 0 0 0
1524880800 0 0 0 0
1524879000 0 0 0 0
1524877200 0 0 0 0
1524875400 0 0 0 0
1524873600 0 0 0 0
1524871800 0 0 0 0
1524870000 0 0 0 0
1524868200 0 0 0 0
1524866400 0 0 0 0
1524864600 0 0 0 0
1524862800 0 0 0 0
1524861000 0 0 0 0
1524859200 0 0 0 0
1524857400 0 0 0 0
1524855600 0 0 0 0
1524853800 0 0 0 0
1524852000 0 0 0 0
1524850200 0 0 0 0
1524848400 0 0 0 0
1524846600 0 0 0 0
1524844800 0 0 0 0
1524843000 0 0 0 0
1524841200 0 0 0 0
1524839400 0 0 0 0
1524837600 0 0 0 0
1524835800 0 0 0 0
1524834000 0 0 0 0
1524832200 0 0 0 0
1524830400 0 0 0 0
1524828600 0 0 0 0
1524826800 0 0 0 0
1524825000 0 0 0 0
1524823200 0 0 0 0
1524821400 0 0 0 0
1524819600 0 0 0 0
1524817800 0 0 0 0
1524816000 0 0 0 0
1524814200 0 0 0 0
1524812400 0 0 0 0
1524810600 0 0 0 0
1524808800 0 0 0 0
1524807000 0 0 0 0
1524805200 0 0 0 0
1524803400 0 0 0 0
1524801600 0 0 0 0
1524799800 0 0 0 0
1524798000 0 0 0 0
1524796200 0 0 0 0
1524794400 0 0 0 0
1524792600 0 0 0 0
1524790800 0 0 0 0
1524789000 0 0 0 0
1524787200 0 0 0 0
1524785400 0 0 0 0
1524783600 0 0 0 0
1524781800 0 0 0 0
1524780000 0 0 0 0
1524778200 0 0 0 0
1524776400 0 0 0 0
1524774600 0 0 0 0
1524772800 0 0 0 0
1524771000 0 0 0 0
1524769200 0 0 0 0
1524767400 0 0 0 0
1524765600 0 0 0 0
1524763800 0 0 0 0
1524762000 0 0 0 0
1524760200 0 0 0 0
1524758400 0 0 0 0
1524756600 0 0 0 0
1524754800 0 0 0 0
1524753000 0 0 0 0
1524751200 0 0 0 0
1524749400 0 0 0 0
1524747600 0 0 0 0
1524745800 0 0 0 0
1524744000 0 0 0 0
1524742200 0 0 0 0
1524740400 0 0 0 0
1524738600 0 0 0 0
1524736800 0 0 0 0
1524735000 0 0 0 0
1524733200 0 0 0 0
1524731400 0 0 0 0
1524729600 0 0 0 0
1524727800 0 0 0 0
1524726000 0 0 0 0
1524724200 0 0 0 0
1524722400 0 0 0 0
1524720600 0 0 0 0
1524718800 0 0 0 0
1524717000 0 0 0 0
1524715200 0 0 0 0
1524713400 0 0 0 0
1524711600 0 0 0 0
1524709800 0 0 0 0
1524708000 0 0 0 0
1524706200 0 0 0 0
1524704400 0 0 0 0
1524702600 0 0 0 0
1524700800 0 0 0 0
1524699000 0 0 0 0
1524697200 0 0 0 0
1524695400 0 0 0 0
1524693600 0 0 0 0
1524691800 0 0 0 0
1524686400 0 0 0 0
1524679200 0 0 0 0
1524672000 0 0 0 0
1524664800 0 0 0 0
1524657600 0 0 0 0
1524650400 0 0 0 0
1524643200 0 0 0 0
1524636000 0 0 0 0
1524628800 0 0 0 0
1524621600 0 0 0 0
1524614400 0 0 0 0
1524607200 0 0 0 0
1524600000 0 0 0 0
1524592800 0 0 0 0
1524585600 0 0 0 0
1524578400 0 0 0 0
1524571200 0 0 0 0
1524564000 0 0 0 0
1524556800 0 0 0 0
1524549600 0 0 0 0
1524542400 0 0 0 0
1524535200 0 0 0 0
1524528000 0 0 0 0
1524520800 0 0 0 0
1524513600 0 0 0 0
1524506400 0 0 0 0
1524499200 0 0 0 0
1524492000 0 0 0 0
1524484800 0 0 0 0
1524477600 0 0 0 0
1524470400 0 0 0 0
1524463200 0 0 0 0
1524456000 0 0 0 0
1524448800 0 0 0 0
1524441600 0 0 0 0
1524434400 0 0 0 0
1524427200 0 0 0 0
1524420000 0 0 0 0
1524412800 0 0 0 0
1524405600 0 0 0 0
1524398400 0 0 0 0
1524391200 0 0 0 0
1524384000 0 0 0 0
1524376800 0 0 0 0
1524369600 0 0 0 0
1524362400 0 0 0 0
1524355200 0 0 0 0
1524348000 0 0 0 0
1524340800 0 0 0 0
1524333600 0 0 0 0
1524326400 0 0 0 0
1524319200 0 0 0 0
1524312000 0 0 0 0
1524304800 0 0 0 0
1524297600 0 0 0 0
1524290400 0 0 0 0
1524283200 0 0 0 0
1524276000 0 0 0 0
1524268800 0 0 0 0
1524261600 0 0 0 0
1524254400 0 0 0 0
1524247200 0 0 0 0
1524240000 0 0 0 0
1524232800 0 0 0 0
1524225600 0 0 0 0
1524218400 0 0 0 0
1524211200 0 0 0 0
1524204000 0 0 0 0
1524196800 0 0 0 0
1524189600 0 0 0 0
1524182400 0 0 0 0
1524175200 0 0 0 0
1524168000 0 0 0 0
1524160800 0 0 0 0
1524153600 0 0 0 0
1524146400 0 0 0 0
1524139200 0 0 0 0
1524132000 0 0 0 0
1524124800 0 0 0 0
1524117600 0 0 0 0
1524110400 0 0 0 0
1524103200 0 0 0 0
1524096000 0 0 0 0
1524088800 0 0 0 0
1524081600 0 0 0 0
1524074400 0 0 0 0
1524067200 0 0 0 0
1524060000 0 0 0 0
1524052800 0 0 0 0
1524045600 0 0 0 0
1524038400 0 0 0 0
1524031200 0 0 0 0
1524024000 0 0 0 0
1524016800 0 0 0 0
1524009600 0 0 0 0
1524002400 0 0 0 0
1523995200 0 0 0 0
1523988000 0 0 0 0
1523980800 0 0 0 0
1523973600 0 0 0 0
1523966400 0 0 0 0
1523959200 0 0 0 0
1523952000 0 0 0 0
1523944800 0 0 0 0
1523937600 0 0 0 0
1523930400 0 0 0 0
1523923200 0 0 0 0
1523916000 0 0 0 0
1523908800 0 0 0 0
1523901600 0 0 0 0
1523894400 0 0 0 0
1523887200 0 0 0 0
1523880000 0 0 0 0
1523872800 0 0 0 0
1523865600 0 0 0 0
1523858400 0 0 0 0
1523851200 0 0 0 0
1523844000 0 0 0 0
1523836800 0 0 0 0
1523829600 0 0 0 0
1523822400 0 0 0 0
1523815200 0 0 0 0
1523808000 0 0 0 0
1523800800 0 0 0 0
1523793600 0 0 0 0
1523786400 0 0 0 0
1523779200 0 0 0 0
1523772000 0 0 0 0
1523764800 0 0 0 0
1523757600 0 0 0 0
1523750400 0 0 0 0
1523743200 0 0 0 0
1523736000 0 0 0 0
1523728800 0 0 0 0
1523721600 0 0 0 0
1523714400 0 0 0 0
1523707200 0 0 0 0
1523700000 0 0 0 0
1523692800 0 0 0 0
1523685600 0 0 0 0
1523678400 0 0 0 0
1523671200 0 0 0 0
1523664000 0 0 0 0
1523656800 0 0 0 0
1523649600 0 0 0 0
1523642400 0 0 0 0
1523635200 0 0 0 0
1523628000 0 0 0 0
1523620800 0 0 0 0
1523613600 0 0 0 0
1523606400 0 0 0 0
1523599200 0 0 0 0
1523592000 0 0 0 0
1523584800 0 0 0 0
1523577600 0 0 0 0
1523570400 0 0 0 0
1523563200 0 0 0 0
1523556000 0 0 0 0
1523548800 0 0 0 0
1523541600 0 0 0 0
1523534400 0 0 0 0
1523527200 0 0 0 0
1523520000 0 0 0 0
1523512800 0 0 0 0
1523505600 0 0 0 0
1523498400 0 0 0 0
1523491200 0 0 0 0
1523484000 0 0 0 0
1523476800 0 0 0 0
1523469600 0 0 0 0
1523462400 0 0 0 0
1523455200 0 0 0 0
1523448000 0 0 0 0
1523440800 0 0 0 0
1523433600 0 0 0 0
1523426400 0 0 0 0
1523419200 0 0 0 0
1523412000 0 0 0 0
1523404800 0 0 0 0
1523397600 0 0 0 0
1523390400 0 0 0 0
1523383200 0 0 0 0
1523376000 0 0 0 0
1523368800 0 0 0 0
1523361600 0 0 0 0
1523354400 0 0 0 0
1523347200 0 0 0 0
1523340000 0 0 0 0
1523332800 0 0 0 0
1523325600 0 0 0 0
1523318400 0 0 0 0
1523311200 0 0 0 0
1523304000 0 0 0 0
1523296800 0 0 0 0
1523289600 0 0 0 0
1523282400 0 0 0 0
1523275200 0 0 0 0
1523268000 0 0 0 0
1523260800 0 0 0 0
1523253600 0 0 0 0
1523246400 0 0 0 0
1523239200 0 0 0 0
1523232000 0 0 0 0
1523224800 0 0 0 0
1523217600 0 0 0 0
1523210400 0 0 0 0
1523203200 0 0 0 0
1523196000 0 0 0 0
1523188800 0 0 0 0
1523181600 0 0 0 0
1523174400 0 0 0 0
1523167200 0 0 0 0
1523160000 0 0 0 0
1523152800 0 0 0 0
1523145600 0 0 0 0
1523138400 0 0 0 0
1523131200 0 0 0 0
1523124000 0 0 0 0
1523116800 0 0 0 0
1523109600 0 0 0 0
1523102400 0 0 0 0
1523095200 0 0 0 0
1523088000 0 0 0 0
1523080800 0 0 0 0
1523073600 0 0 0 0
1523066400 0 0 0 0
1523059200 0 0 0 0
1523052000 0 0 0 0
1523044800 0 0 0 0
1523037600 0 0 0 0
1523030400 0 0 0 0
1523023200 0 0 0 0
1523016000 0 0 0 0
1523008800 0 0 0 0
1523001600 0 0 0 0
1522994400 0 0 0 0
1522987200 0 0 0 0
1522980000 0 0 0 0
1522972800 0 0 0 0
1522965600 0 0 0 0
1522958400 0 0 0 0
1522951200 0 0 0 0
1522944000 0 0 0 0
1522936800 0 0 0 0
1522929600 0 0 0 0
1522922400 0 0 0 0
1522915200 0 0 0 0
1522908000 0 0 0 0
1522900800 0 0 0 0
1522893600 0 0 0 0
1522886400 0 0 0 0
1522879200 0 0 0 0
1522872000 0 0 0 0
1522864800 0 0 0 0
1522857600 0 0 0 0
1522850400 0 0 0 0
1522843200 0 0 0 0
1522836000 0 0 0 0
1522828800 0 0 0 0
1522821600 0 0 0 0
1522814400 0 0 0 0
1522807200 0 0 0 0
1522800000 0 0 0 0
1522792800 0 0 0 0
1522785600 0 0 0 0
1522778400 0 0 0 0
1522771200 0 0 0 0
1522764000 0 0 0 0
1522756800 0 0 0 0
1522749600 0 0 0 0
1522742400 0 0 0 0
1522735200 0 0 0 0
1522728000 0 0 0 0
1522720800 0 0 0 0
1522713600 0 0 0 0
1522706400 0 0 0 0
1522699200 0 0 0 0
1522692000 0 0 0 0
1522684800 0 0 0 0
1522677600 0 0 0 0
1522670400 0 0 0 0
1522663200 0 0 0 0
1522656000 0 0 0 0
1522648800 0 0 0 0
1522641600 0 0 0 0
1522634400 0 0 0 0
1522627200 0 0 0 0
1522620000 0 0 0 0
1522612800 0 0 0 0
1522605600 0 0 0 0
1522598400 0 0 0 0
1522591200 0 0 0 0
1522584000 0 0 0 0
1522576800 0 0 0 0
1522569600 0 0 0 0
1522562400 0 0 0 0
1522555200 0 0 0 0
1522548000 0 0 0 0
1522540800 0 0 0 0
1522533600 0 0 0 0
1522526400 0 0 0 0
1522519200 0 0 0 0
1522512000 0 0 0 0
1522504800 0 0 0 0
1522497600 0 0 0 0
1522490400 0 0 0 0
1522483200 0 0 0 0
1522476000 0 0 0 0
1522468800 0 0 0 0
1522461600 0 0 0 0
1522454400 0 0 0 0
1522447200 0 0 0 0
1522440000 0 0 0 0
1522432800 0 0 0 0
1522425600 0 0 0 0
1522418400 0 0 0 0
1522411200 0 0 0 0
1522404000 0 0 0 0
1522396800 0 0 0 0
1522389600 0 0 0 0
1522382400 0 0 0 0
1522375200 0 0 0 0
1522368000 0 0 0 0
1522360800 0 0 0 0
1522353600 0 0 0 0
1522346400 0 0 0 0
1522339200 0 0 0 0
1522332000 0 0 0 0
1522324800 0 0 0 0
1522317600 0 0 0 0
1522310400 0 0 0 0
1522303200 0 0 0 0
1522296000 0 0 0 0
1522288800 0 0 0 0
1522281600 0 0 0 0
1522274400 0 0 0 0
1522267200 0 0 0 0
1522260000 0 0 0 0
1522252800 0 0 0 0
1522245600 0 0 0 0
1522238400 0 0 0 0
1522231200 0 0 0 0
1522224000 0 0 0 0
1522216800 0 0 0 0
1522209600 0 0 0 0
1522202400 0 0 0 0
1522195200 0 0 0 0
1522188000 0 0 0 0
1522180800 0 0 0 0
1522173600 0 0 0 0
1522166400 0 0 0 0
1522159200 0 0 0 0
1522152000 0 0 0 0
1522144800 0 0 0 0
1522137600 0 0 0 0
1522130400 0 0 0 0
1522123200 0 0 0 0
1522116000 0 0 0 0
1522108800 0 0 0 0
1522101600 0 0 0 0
1522094400 0 0 0 0
1522087200 0 0 0 0
1522080000 0 0 0 0
1522072800 0 0 0 0
1522065600 0 0 0 0
1522058400 0 0 0 0
1522051200 0 0 0 0
1522044000 0 0 0 0
1522036800 0 0 0 0
1522029600 0 0 0 0
1522022400 0 0 0 0
1522015200 0 0 0 0
1522008000 0 0 0 0
1522000800 0 0 0 0
1521993600 0 0 0 0
1521986400 0 0 0 0
1521979200 0 0 0 0
1521972000 0 0 0 0
1521964800 0 0 0 0
1521957600 0 0 0 0
1521950400 0 0 0 0
1521943200 0 0 0 0
1521936000 0 0 0 0
1521928800 0 0 0 0
1521921600 0 0 0 0
1521914400 0 0 0 0
1521907200 0 0 0 0
1521900000 0 0 0 0
1521892800 0 0 0 0
1521885600 0 0 0 0
1521878400 0 0 0 0
1521871200 0 0 0 0
1521864000 0 0 0 0
1521856800 0 0 0 0
1521849600 0 0 0 0
1521842400 0 0 0 0
1521835200 0 0 0 0
1521828000 0 0 0 0
1521820800 0 0 0 0
1521813600 0 0 0 0
1521806400 0 0 0 0
1521799200 0 0 0 0
1521792000 0 0 0 0
1521784800 0 0 0 0
1521777600 0 0 0 0
1521770400 0 0 0 0
1521763200 0 0 0 0
1521756000 0 0 0 0
1521748800 0 0 0 0
1521741600 0 0 0 0
1521734400 0 0 0 0
1521727200 0 0 0 0
1521720000 0 0 0 0
1521712800 0 0 0 0
1521705600 0 0 0 0
1521698400 0 0 0 0
1521691200 0 0 0 0
1521684000 0 0 0 0
1521676800 0 0 0 0
1521669600 0 0 0 0
1521662400 0 0 0 0
1521655200 0 0 0 0
1521648000 0 0 0 0
1521640800 0 0 0 0
1521633600 0 0 0 0
1521626400 0 0 0 0
1521619200 0 0 0 0
1521612000 0 0 0 0
1521604800 0 0 0 0
1521597600 0 0 0 0
1521590400 0 0 0 0
1521583200 0 0 0 0
1521576000 0 0 0 0
1521568800 0 0 0 0
1521561600 0 0 0 0
1521554400 0 0 0 0
1521547200 0 0 0 0
1521540000 0 0 0 0
1521532800 0 0 0 0
1521525600 0 0 0 0
1521518400 0 0 0 0
1521511200 0 0 0 0
1521504000 0 0 0 0
1521496800 0 0 0 0
1521489600 0 0 0 0
1521482400 0 0 0 0
1521475200 0 0 0 0
1521468000 0 0 0 0
1521460800 0 0 0 0
1521453600 0 0 0 0
1521446400 0 0 0 0
1521439200 0 0 0 0
1521432000 0 0 0 0
1521424800 0 0 0 0
1521417600 0 0 0 0
1521410400 0 0 0 0
1521403200 0 0 0 0
1521396000 0 0 0 0
1521388800 0 0 0 0
1521381600 0 0 0 0
1521374400 0 0 0 0
1521367200 0 0 0 0
1521360000 0 0 0 0
1521352800 0 0 0 0
1521345600 0 0 0 0
1521338400 0 0 0 0
1521331200 0 0 0 0
1521324000 0 0 0 0
1521316800 0 0 0 0
1521309600 0 0 0 0
1521302400 0 0 0 0
1521295200 0 0 0 0
1521288000 0 0 0 0
1521280800 0 0 0 0
1521273600 0 0 0 0
1521266400 0 0 0 0
1521259200 0 0 0 0
1521252000 0 0 0 0
1521244800 0 0 0 0
1521237600 0 0 0 0
1521230400 0 0 0 0
1521223200 0 0 0 0
1521216000 0 0 0 0
1521208800 0 0 0 0
1521201600 0 0 0 0
1521194400 0 0 0 0
1521187200 0 0 0 0
1521180000 0 0 0 0
1521172800 0 0 0 0
1521165600 0 0 0 0
1521158400 0 0 0 0
1521151200 0 0 0 0
1521144000 0 0 0 0
1521136800 0 0 0 0
1521129600 0 0 0 0
1521122400 0 0 0 0
1521115200 0 0 0 0
1521108000 0 0 0 0
1521100800 0 0 0 0
1521093600 0 0 0 0
1521086400 0 0 0 0
1521079200 0 0 0 0
1521072000 0 0 0 0
1521064800 0 0 0 0
1521057600 0 0 0 0
1521050400 0 0 0 0
1521043200 0 0 0 0
1521036000 0 0 0 0
1521028800 0 0 0 0
1521021600 0 0 0 0
1521014400 0 0 0 0
1521007200 0 0 0 0
1521000000 0 0 0 0
1520992800 0 0 0 0
1520985600 0 0 0 0
1520978400 0 0 0 0
1520971200 0 0 0 0
1520964000 0 0 0 0
1520956800 0 0 0 0
1520949600 0 0 0 0
1520942400 0 0 0 0
1520935200 0 0 0 0
1520928000 0 0 0 0
1520920800 0 0 0 0
1520913600 0 0 0 0
1520906400 0 0 0 0
1520899200 0 0 0 0
1520892000 0 0 0 0
1520884800 0 0 0 0
1520877600 0 0 0 0
1520870400 0 0 0 0
1520863200 0 0 0 0
1520856000 0 0 0 0
1520848800 0 0 0 0
1520841600 0 0 0 0
1520834400 0 0 0 0
1520827200 0 0 0 0
1520820000 0 0 0 0
1520812800 0 0 0 0
1520805600 0 0 0 0
1520798400 0 0 0 0
1520791200 0 0 0 0
1520784000 0 0 0 0
1520776800 0 0 0 0
1520769600 0 0 0 0
1520762400 0 0 0 0
1520755200 0 0 0 0
1520748000 0 0 0 0
1520740800 0 0 0 0
1520733600 0 0 0 0
1520726400 0 0 0 0
1520719200 0 0 0 0
1520712000 0 0 0 0
1520704800 0 0 0 0
1520697600 0 0 0 0
1520690400 0 0 0 0
1520683200 0 0 0 0
1520676000 0 0 0 0
1520668800 0 0 0 0
1520661600 0 0 0 0
1520654400 0 0 0 0
1520647200 0 0 0 0
1520640000 0 0 0 0
1520632800 0 0 0 0
1520625600 0 0 0 0
1520618400 0 0 0 0
1520611200 0 0 0 0
1520604000 0 0 0 0
1520596800 0 0 0 0
1520589600 0 0 0 0
1520582400 0 0 0 0
1520575200 0 0 0 0
1520568000 0 0 0 0
1520560800 0 0 0 0
1520553600 0 0 0 0
1520546400 0 0 0 0
1520539200 0 0 0 0
1520532000 0 0 0 0
1520524800 0 0 0 0
1520517600 0 0 0 0
1520510400 0 0 0 0
1520503200 0 0 0 0
1520496000 0 0 0 0
1520488800 0 0 0 0
1520481600 0 0 0 0
1520474400 0 0 0 0
1520467200 0 0 0 0
1520460000 0 0 0 0
1520452800 0 0 0 0
1520445600 0 0 0 0
1520438400 0 0 0 0
1520431200 0 0 0 0
1520424000 0 0 0 0
1520416800 0 0 0 0
1520409600 0 0 0 0
1520402400 0 0 0 0
1520395200 0 0 0 0
1520388000 0 0 0 0
1520380800 0 0 0 0
1520373600 0 0 0 0
1520366400 0 0 0 0
1520294400 0 0 0 0
1520208000 0 0 0 0
1520121600 0 0 0 0
1520035200 0 0 0 0
1519948800 0 0 0 0
1519862400 0 0 0 0
1519776000 0 0 0 0
1519689600 0 0 0 0
1519603200 0 0 0 0
1519516800 0 0 0 0
1519430400 0 0 0 0
1519344000 0 0 0 0
1519257600 0 0 0 0
1519171200 0 0 0 0
1519084800 0 0 0 0
1518998400 0 0 0 0
1518912000 0 0 0 0
1518825600 0 0 0 0
1518739200 0 0 0 0
1518652800 0 0 0 0
1518566400 0 0 0 0
1518480000 0 0 0 0
1518393600 0 0 0 0
1518307200 0 0 0 0
1518220800 0 0 0 0
1518134400 0 0 0 0
1518048000 0 0 0 0
1517961600 0 0 0 0
1517875200 0 0 0 0
1517788800 0 0 0 0
1517702400 0 0 0 0
1517616000 0 0 0 0
1517529600 0 0 0 0
1517443200 0 0 0 0
1517356800 0 0 0 0
1517270400 0 0 0 0
1517184000 0 0 0 0
1517097600 0 0 0 0
1517011200 0 0 0 0
1516924800 0 0 0 0
1516838400 0 0 0 0
1516752000 0 0 0 0
1516665600 0 0 0 0
1516579200 0 0 0 0
1516492800 0 0 0 0
1516406400 0 0 0 0
1516320000 0 0 0 0
1516233600 0 0 0 0
1516147200 0 0 0 0
1516060800 0 0 0 0
1515974400 0 0 0 0
1515888000 0 0 0 0
1515801600 0 0 0 0
1515715200 0 0 0 0
1515628800 0 0 0 0
1515542400 0 0 0 0
1515456000 0 0 0 0
1515369600 0 0 0 0
1515283200 0 0 0 0
1515196800 0 0 0 0
1515110400 0 0 0 0
1515024000 0 0 0 0
1514937600 0 0 0 0
1514851200 0 0 0 0
1514764800 0 0 0 0
1514678400 0 0 0 0
1514592000 0 0 0 0
1514505600 0 0 0 0
1514419200 0 0 0 0
1514332800 0 0 0 0
1514246400 0 0 0 0
1514160000 0 0 0 0
1514073600 0 0 0 0
1513987200 0 0 0 0
1513900800 0 0 0 0
1513814400 0 0 0 0
1513728000 0 0 0 0
1513641600 0 0 0 0
1513555200 0 0 0 0
1513468800 0 0 0 0
1513382400 0 0 0 0
1513296000 0 0 0 0
1513209600 0 0 0 0
1513123200 0 0 0 0
1513036800 0 0 0 0
1512950400 0 0 0 0
1512864000 0 0 0 0
1512777600 0 0 0 0
1512691200 0 0 0 0
1512604800 0 0 0 0
1512518400 0 0 0 0
1512432000 0 0 0 0
1512345600 0 0 0 0
1512259200 0 0 0 0
1512172800 0 0 0 0
1512086400 0 0 0 0
1512000000 0 0 0 0
1511913600 0 0 0 0
1511827200 0 0 0 0
1511740800 0 0 0 0
1511654400 0 0 0 0
1511568000 0 0 0 0
1511481600 0 0 0 0
1511395200 0 0 0 0
1511308800 0 0 0 0
1511222400 0 0 0 0
1511136000 0 0 0 0
1511049600 0 0 0 0
1510963200 0 0 0 0
1510876800 0 0 0 0
1510790400 0 0 0 0
1510704000 0 0 0 0
1510617600 0 0 0 0
1510531200 0 0 0 0
1510444800 0 0 0 0
1510358400 0 0 0 0
1510272000 0 0 0 0
1510185600 0 0 0 0
1510099200 0 0 0 0
1510012800 0 0 0 0
1509926400 0 0 0 0
1509840000 0 0 0 0
1509753600 0 0 0 0
1509667200 0 0 0 0
1509580800 0 0 0 0
1509494400 0 0 0 0
1509408000 0 0 0 0
1509321600 0 0 0 0
1509235200 0 0 0 0
1509148800 0 0 0 0
1509062400 0 0 0 0
1508976000 0 0 0 0
1508889600 0 0 0 0
1508803200 0 0 0 0
1508716800 0 0 0 0
1508630400 0 0 0 0
1508544000 0 0 0 0
1508457600 0 0 0 0
1508371200 0 0 0 0
1508284800 0 0 0 0
1508198400 0 0 0 0
1508112000 0 0 0 0
1508025600 0 0 0 0
1507939200 0 0 0 0
1507852800 0 0 0 0
1507766400 0 0 0 0
1507680000 0 0 0 0
1507593600 0 0 0 0
1507507200 0 0 0 0
1507420800 0 0 0 0
1507334400 0 0 0 0
1507248000 0 0 0 0
1507161600 0 0 0 0
1507075200 0 0 0 0
1506988800 0 0 0 0
1506902400 0 0 0 0
1506816000 0 0 0 0
1506729600 0 0 0 0
1506643200 0 0 0 0
1506556800 0 0 0 0
1506470400 0 0 0 0
1506384000 0 0 0 0
1506297600 0 0 0 0
1506211200 0 0 0 0
1506124800 0 0 0 0
1506038400 0 0 0 0
1505952000 0 0 0 0
1505865600 0 0 0 0
1505779200 0 0 0 0
1505692800 0 0 0 0
1505606400 0 0 0 0
1505520000 0 0 0 0
1505433600 0 0 0 0
1505347200 0 0 0 0
1505260800 0 0 0 0
1505174400 0 0 0 0
1505088000 0 0 0 0
1505001600 0 0 0 0
1504915200 0 0 0 0
1504828800 0 0 0 0
1504742400 0 0 0 0
1504656000 0 0 0 0
1504569600 0 0 0 0
1504483200 0 0 0 0
1504396800 0 0 0 0
1504310400 0 0 0 0
1504224000 0 0 0 0
1504137600 0 0 0 0
1504051200 0 0 0 0
1503964800 0 0 0 0
1503878400 0 0 0 0
1503792000 0 0 0 0
1503705600 0 0 0 0
1503619200 0 0 0 0
1503532800 0 0 0 0
1503446400 0 0 0 0
1503360000 0 0 0 0
1503273600 0 0 0 0
1503187200 0 0 0 0
1503100800 0 0 0 0
1503014400 0 0 0 0
1502928000 0 0 0 0
1502841600 0 0 0 0
1502755200 0 0 0 0
1502668800 0 0 0 0
1502582400 0 0 0 0
1502496000 0 0 0 0
1502409600 0 0 0 0
1502323200 0 0 0 0
1502236800 0 0 0 0
1502150400 0 0 0 0
1502064000 0 0 0 0
1501977600 0 0 0 0
1501891200 0 0 0 0
1501804800 0 0 0 0
1501718400 0 0 0 0
1501632000 0 0 0 0
1501545600 0 0 0 0
1501459200 0 0 0 0
1501372800 0 0 0 0
1501286400 0 0 0 0
1501200000 0 0 0 0
1501113600 0 0 0 0
1501027200 0 0 0 0
1500940800 0 0 0 0
1500854400 0 0 0 0
1500768000 0 0 0 0
1500681600 0 0 0 0
1500595200 0 0 0 0
1500508800 0 0 0 0
1500422400 0 0 0 0
1500336000 0 0 0 0
1500249600 0 0 0 0
1500163200 0 0 0 0
1500076800 0 0 0 0
1499990400 0 0 0 0
1499904000 0 0 0 0
1499817600 0 0 0 0
1499731200 0 0 0 0
1499644800 0 0 0 0
1499558400 0 0 0 0
1499472000 0 0 0 0
1499385600 0 0 0 0
1499299200 0 0 0 0
1499212800 0 0 0 0
1499126400 0 0 0 0
1499040000 0 0 0 0
1498953600 0 0 0 0
1498867200 0 0 0 0
1498780800 0 0 0 0
1498694400 0 0 0 0
1498608000 0 0 0 0
1498521600 0 0 0 0
1498435200 0 0 0 0
1498348800 0 0 0 0
1498262400 0 0 0 0
1498176000 0 0 0 0
1498089600 0 0 0 0
1498003200 0 0 0 0
1497916800 0 0 0 0
1497830400 0 0 0 0
1497744000 0 0 0 0
1497657600 0 0 0 0
1497571200 0 0 0 0
1497484800 0 0 0 0
1497398400 0 0 0 0
1497312000 0 0 0 0
1497225600 0 0 0 0
1497139200 0 0 0 0
1497052800 0 0 0 0
1496966400 0 0 0 0
1496880000 0 0 0 0
1496793600 0 0 0 0
1496707200 0 0 0 0
1496620800 0 0 0 0
1496534400 0 0 0 0
1496448000 0 0 0 0
1496361600 0 0 0 0
1496275200 0 0 0 0
1496188800 0 0 0 0
1496102400 0 0 0 0
1496016000 0 0 0 0
1495929600 0 0 0 0
1495843200 0 0 0 0
1495756800 0 0 0 0
1495670400 0 0 0 0
1495584000 0 0 0 0
1495497600 0 0 0 0
1495411200 0 0 0 0
1495324800 0 0 0 0
1495238400 0 0 0 0
1495152000 0 0 0 0
1495065600 0 0 0 0
1494979200 0 0 0 0
1494892800 0 0 0 0
1494806400 0 0 0 0
1494720000 0 0 0 0
1494633600 0 0 0 0
1494547200 0 0 0 0
1494460800 0 0 0 0
1494374400 0 0 0 0
1494288000 0 0 0 0
1494201600 0 0 0 0
1494115200 0 0 0 0
1494028800 0 0 0 0
1493942400 0 0 0 0
1493856000 0 0 0 0
1493769600 0 0 0 0
1493683200 0 0 0 0
1493596800 0 0 0 0
1493510400 0 0 0 0
1493424000 0 0 0 0
1493337600 0 0 0 0
1493251200 0 0 0 0
1493164800 0 0 0 0
1493078400 0 0 0 0
1492992000 0 0 0 0
1492905600 0 0 0 0
1492819200 0 0 0 0
1492732800 0 0 0 0
1492646400 0 0 0 0
1492560000 0 0 0 0
1492473600 0 0 0 0
1492387200 0 0 0 0
1492300800 0 0 0 0
1492214400 0 0 0 0
1492128000 0 0 0 0
1492041600 0 0 0 0
1491955200 0 0 0 0
1491868800 0 0 0 0
1491782400 0 0 0 0
1491696000 0 0 0 0
1491609600 0 0 0 0
1491523200 0 0 0 0
1491436800 0 0 0 0
1491350400 0 0 0 0
1491264000 0 0 0 0
1491177600 0 0 0 0
1491091200 0 0 0 0
1491004800 0 0 0 0
1490918400 0 0 0 0
1490832000 0 0 0 0
1490745600 0 0 0 0
1490659200 0 0 0 0
1490572800 0 0 0 0
1490486400 0 0 0 0
1490400000 0 0 0 0
1490313600 0 0 0 0
1490227200 0 0 0 0
1490140800 0 0 0 0
1490054400 0 0 0 0
1489968000 0 0 0 0
1489881600 0 0 0 0
1489795200 0 0 0 0
1489708800 0 0 0 0
1489622400 0 0 0 0
1489536000 0 0 0 0
1489449600 0 0 0 0
1489363200 0 0 0 0
1489276800 0 0 0 0
1489190400 0 0 0 0
1489104000 0 0 0 0
1489017600 0 0 0 0
1488931200 0 0 0 0
1488844800 0 0 0 0
1488758400 0 0 0 0
1488672000 0 0 0 0
1488585600 0 0 0 0
1488499200 0 0 0 0
1488412800 0 0 0 0
1488326400 0 0 0 0
1488240000 0 0 0 0
1488153600 0 0 0 0
1488067200 0 0 0 0
1487980800 0 0 0 0
1487894400 0 0 0 0
1487808000 0 0 0 0
1487721600 0 0 0 0
1487635200 0 0 0 0
1487548800 0 0 0 0
1487462400 0 0 0 0
1487376000 0 0 0 0
1487289600 0 0 0 0
1487203200 0 0 0 0
1487116800 0 0 0 0
1487030400 0 0 0 0
1486944000 0 0 0 0
1486857600 0 0 0 0
1486771200 0 0 0 0
1486684800 0 0 0 0
1486598400 0 0 0 0
1486512000 0 0 0 0
1486425600 0 0 0 0
1486339200 0 0 0 0
1486252800 0 0 0 0
1486166400 0 0 0 0
1486080000 0 0 0 0
1485993600 0 0 0 0
1485907200 0 0 0 0
1485820800 0 0 0 0
1485734400 0 0 0 0
1485648000 0 0 0 0
1485561600 0 0 0 0
1485475200 0 0 0 0
1485388800 0 0 0 0
1485302400 0 0 0 0
1485216000 0 0 0 0
1485129600 0 0 0 0
1485043200 0 0 0 0
1484956800 0 0 0 0
1484870400 0 0 0 0
1484784000 0 0 0 0
1484697600 0 0 0 0
1484611200 0 0 0 0
1484524800 0 0 0 0
1484438400 0 0 0 0
1484352000 0 0 0 0
1484265600 0 0 0 0
1484179200 0 0 0 0
1484092800 0 0 0 0
1484006400 0 0 0 0
1483920000 0 0 0 0
1483833600 0 0 0 0
1483747200 0 0 0 0
1483660800 0 0 0 0
1483574400 0 0 0 0
1483488000 0 0 0 0
1483401600 0 0 0 0
1483315200 0 0 0 0
1483228800 0 0 0 0
1483142400 0 0 0 0
1483056000 0 0 0 0
1482969600 0 0 0 0
1482883200 0 0 0 0
1482796800 0 0 0 0
1482710400 0 0 0 0
1482624000 0 0 0 0
1482537600 0 0 0 0
1482451200 0 0 0 0
1482364800 0 0 0 0
1482278400 0 0 0 0
1482192000 0 0 0 0
1482105600 0 0 0 0
1482019200 0 0 0 0
1481932800 0 0 0 0
1481846400 0 0 0 0
1481760000 0 0 0 0
1481673600 0 0 0 0
1481587200 0 0 0 0
1481500800 0 0 0 0
1481414400 0 0 0 0
1481328000 0 0 0 0
1481241600 0 0 0 0
1481155200 0 0 0 0
1481068800 0 0 0 0
1480982400 0 0 0 0
1480896000 0 0 0 0
1480809600 0 0 0 0
1480723200 0 0 0 0
1480636800 0 0 0 0
1480550400 0 0 0 0
1480464000 0 0 0 0
1480377600 0 0 0 0
1480291200 0 0 0 0
1480204800 0 0 0 0
1480118400 0 0 0 0
1480032000 0 0 0 0
1479945600 0 0 0 0
1479859200 0 0 0 0
1479772800 0 0 0 0
1479686400 0 0 0 0
1479600000 0 0 0 0
1479513600 0 0 0 0
1479427200 0 0 0 0
1479340800 0 0 0 0
1479254400 0 0 0 0
1479168000 0 0 0 0
1479081600 0 0 0 0
1478995200 0 0 0 0
1478908800 0 0 0 0
1478822400 0 0 0 0
1478736000 0 0 0 0
1478649600 0 0 0 0
1478563200 0 0 0 0
1478476800 0 0 0 0
1478390400 0 0 0 0
1478304000 0 0 0 0
1478217600 0 0 0 0
1478131200 0 0 0 0
1478044800 0 0 0 0
1477958400 0 0 0 0
1477872000 0 0 0 0
1477785600 0 0 0 0
1477699200 0 0 0 0
1477612800 0 0 0 0
1477526400 0 0 0 0
1477440000 0 0 0 0
1477353600 0 0 0 0
1477267200 0 0 0 0
1477180800 0 0 0 0
1477094400 0 0 0 0
1477008000 0 0 0 0
1476921600 0 0 0 0
1476835200 0 0 0 0
1476748800 0 0 0 0
1476662400 0 0 0 0
1476576000 0 0 0 0
1476489600 0 0 0 0
1476403200 0 0 0 0
1476316800 0 0 0 0
1476230400 0 0 0 0
1476144000 0 0 0 0
1476057600 0 0 0 0
1475971200 0 0 0 0
1475884800 0 0 0 0
1475798400 0 0 0 0
1475712000 0 0 0 0
1475625600 0 0 0 0
1475539200 0 0 0 0
1475452800 0 0 0 0
1475366400 0 0 0 0
1475280000 0 0 0 0
1475193600 0 0 0 0
1475107200 0 0 0 0
1475020800 0 0 0 0
1474934400 0 0 0 0
1474848000 0 0 0 0
1474761600 0 0 0 0
1474675200 0 0 0 0
1474588800 0 0 0 0
1474502400 0 0 0 0
1474416000 0 0 0 0
1474329600 0 0 0 0
1474243200 0 0 0 0
1474156800 0 0 0 0
1474070400 0 0 0 0
1473984000 0 0 0 0
1473897600 0 0 0 0
1473811200 0 0 0 0
1473724800 0 0 0 0
1473638400 0 0 0 0
1473552000 0 0 0 0
1473465600 0 0 0 0
1473379200 0 0 0 0
1473292800 0 0 0 0
1473206400 0 0 0 0
1473120000 0 0 0 0
1473033600 0 0 0 0
1472947200 0 0 0 0
1472860800 0 0 0 0
1472774400 0 0 0 0
1472688000 0 0 0 0
1472601600 0 0 0 0
1472515200 0 0 0 0
1472428800 0 0 0 0
1472342400 0 0 0 0
1472256000 0 0 0 0
1472169600 0 0 0 0
1472083200 0 0 0 0
1471996800 0 0 0 0
1471910400 0 0 0 0
1471824000 0 0 0 0
1471737600 0 0 0 0
1471651200 0 0 0 0
1471564800 0 0 0 0
1471478400 0 0 0 0
1471392000 0 0 0 0
1471305600 0 0 0 0
1471219200 0 0 0 0
1471132800 0 0 0 0
1471046400 0 0 0 0
1470960000 0 0 0 0
1470873600 0 0 0 0
1470787200 0 0 0 0
1470700800 0 0 0 0
1470614400 0 0 0 0
1470528000 0 0 0 0
1470441600 0 0 0 0
1470355200 0 0 0 0
1470268800 0 0 0 0
1470182400 0 0 0 0
1470096000 0 0 0 0
1470009600 0 0 0 0
1469923200 0 0 0 0
1469836800 0 0 0 0
1469750400 0 0 0 0
1469664000 0 0 0 0
1469577600 0 0 0 0
1469491200 0 0 0 0
1469404800 0 0 0 0
1469318400 0 0 0 0
1469232000 0 0 0 0
1469145600 0 0 0 0
1469059200 0 0 0 0
1468972800 0 0 0 0
1468886400 0 0 0 0
1468800000 0 0 0 0
1468713600 0 0 0 0
1468627200 0 0 0 0
1468540800 0 0 0 0
1468454400 0 0 0 0
1468368000 0 0 0 0
1468281600 0 0 0 0
1468195200 0 0 0 0
1468108800 0 0 0 0
1468022400 0 0 0 0
1467936000 0 0 0 0
1467849600 0 0 0 0
1467763200 0 0 0 0
1467676800 0 0 0 0
1467590400 0 0 0 0
1467504000 0 0 0 0
1467417600 0 0 0 0
1467331200 0 0 0 0
1467244800 0 0 0 0
1467158400 0 0 0 0
1467072000 0 0 0 0
1466985600 0 0 0 0
1466899200 0 0 0 0
1466812800 0 0 0 0
1466726400 0 0 0 0
1466640000 0 0 0 0
1466553600 0 0 0 0
1466467200 0 0 0 0
1466380800 0 0 0 0
1466294400 0 0 0 0
1466208000 0 0 0 0
1466121600 0 0 0 0
1466035200 0 0 0 0
1465948800 0 0 0 0
1465862400 0 0 0 0
1465776000 0 0 0 0
1465689600 0 0 0 0
1465603200 0 0 0 0
1465516800 0 0 0 0
1465430400 0 0 0 0
1465344000 0 0 0 0
1465257600 0 0 0 0
1465171200 0 0 0 0
1465084800 0 0 0 0
1464998400 0 0 0 0
1464912000 0 0 0 0
1464825600 0 0 0 0
1464739200 0 0 0 0
1464652800 0 0 0 0
1464566400 0 0 0 0
1464480000 0 0 0 0
1464393600 0 0 0 0
1464307200 0 0 0 0
1464220800 0 0 0 0
1464134400 0 0 0 0
1464048000 0 0 0 0
1463961600 0 0 0 0
1463875200 0 0 0 0
1463788800 0 0 0 0
1463702400 0 0 0 0
1463616000 0 0 0 0
1463529600 0 0 0 0
1463443200 0 0 0 0
1463356800 0 0 0 0
1463270400 0 0 0 0
1463184000 0 0 0 0
1463097600 0 0 0 0
1463011200 0 0 0 0
1462924800 0 0 0 0
1462838400 0 0 0 0
1462752000 0 0 0 0
1462665600 0 0 0 0
1462579200 0 0 0 0
1462492800 0 0 0 0
1462406400 0 0 0 0
1462320000 0 0 0 0
1462233600 0 0 0 0
1462147200 0 0 0 0
1462060800 0 0 0 0
1461974400 0 0 0 0
1461888000 0 0 0 0
1461801600 0 0 0 0
1461715200 0 0 0 0
1461628800 0 0 0 0
1461542400 0 0 0 0
1461456000 0 0 0 0
1461369600 0 0 0 0
1461283200 0 0 0 0
1461196800 0 0 0 0
1461110400 0 0 0 0
1461024000 0 0 0 0
1460937600 0 0 0 0
1460851200 0 0 0 0
1460764800 0 0 0 0
1460678400 0 0 0 0
1460592000 0 0 0 0
1460505600 0 0 0 0
1460419200 0 0 0 0
1460332800 0 0 0 0
1460246400 0 0 0 0
1460160000 0 0 0 0
1460073600 0 0 0 0
1459987200 0 0 0 0
1459900800 0 0 0 0
1459814400 0 0 0 0
1459728000 0 0 0 0
1459641600 0 0 0 0
1459555200 0 0 0 0
1459468800 0 0 0 0
1459382400 0 0 0 0
1459296000 0 0 0 0
1459209600 0 0 0 0
1459123200 0 0 0 0
1459036800 0 0 0 0
1458950400 0 0 0 0
1458864000 0 0 0 0
1458777600 0 0 0 0
1458691200 0 0 0 0
1458604800 0 0 0 0
1458518400 0 0 0 0
1458432000 0 0 0 0
1458345600 0 0 0 0
1458259200 0 0 0 0
1458172800 0 0 0 0
1458086400 0 0 0 0
1458000000 0 0 0 0
1457913600 0 0 0 0
1457827200 0 0 0 0
1457740800 0 0 0 0
1457654400 0 0 0 0
1457568000 0 0 0 0
1457481600 0 0 0 0
1457395200 0 0 0 0
1457308800 0 0 0 0
1457222400 0 0 0 0
1457136000 0 0 0 0
